0 info it worked if it ends with ok
1 verbose cli [ 'C:\\Program Files\\nodejs\\node.exe',
1 verbose cli   'C:\\Program Files\\nodejs\\node_modules\\npm\\bin\\npm-cli.js',
1 verbose cli   'start' ]
2 info using npm@3.10.10
3 info using node@v6.11.3
4 verbose run-script [ 'prestart', 'start', 'poststart' ]
5 info lifecycle MyAssetReact@1.0.0~prestart: MyAssetReact@1.0.0
6 silly lifecycle MyAssetReact@1.0.0~prestart: no script for prestart, continuing
7 info lifecycle MyAssetReact@1.0.0~start: MyAssetReact@1.0.0
8 verbose lifecycle MyAssetReact@1.0.0~start: unsafe-perm in lifecycle true
9 verbose lifecycle MyAssetReact@1.0.0~start: PATH: C:\Program Files\nodejs\node_modules\npm\bin\node-gyp-bin;D:\Vimlesh\TFS Code\SAP\Vendor Portal\ITAM Optimisation\ReactJS\node_modules\.bin;C:\ProgramData\Oracle\Java\javapath;C:\windows\system32;C:\windows;C:\windows\System32\Wbem;C:\windows\System32\WindowsPowerShell\v1.0\;C:\Program Files (x86)\Microsoft SQL Server\100\Tools\Binn\;C:\Program Files\Microsoft SQL Server\100\Tools\Binn\;C:\Program Files\Microsoft SQL Server\100\DTS\Binn\;C:\Program Files\nodejs\;C:\Program Files\Microsoft\Web Platform Installer\;C:\Program Files (x86)\Microsoft ASP.NET\ASP.NET Web Pages\v1.0\;C:\Program Files (x86)\Windows Kits\8.0\Windows Performance Toolkit\;C:\Program Files\Microsoft SQL Server\110\Tools\Binn\;C:\Program Files (x86)\WebEx\Productivity Tools;C:\Users\vm344084\AppData\Local\Microsoft\WindowsApps;C:\Users\vm344084\AppData\Roaming\npm;C:\Program Files (x86)\Microsoft VS Code\bin
10 verbose lifecycle MyAssetReact@1.0.0~start: CWD: D:\Vimlesh\TFS Code\SAP\Vendor Portal\ITAM Optimisation\ReactJS
11 silly lifecycle MyAssetReact@1.0.0~start: Args: [ '/d /s /c',
11 silly lifecycle   'watchify main.js -v -t [ babelify --presets [ react ] ] -o bundle.js' ]
12 silly lifecycle MyAssetReact@1.0.0~start: Returned: code: 1  signal: null
13 info lifecycle MyAssetReact@1.0.0~start: Failed to exec start script
14 verbose stack Error: MyAssetReact@1.0.0 start: `watchify main.js -v -t [ babelify --presets [ react ] ] -o bundle.js`
14 verbose stack Exit status 1
14 verbose stack     at EventEmitter.<anonymous> (C:\Program Files\nodejs\node_modules\npm\lib\utils\lifecycle.js:255:16)
14 verbose stack     at emitTwo (events.js:106:13)
14 verbose stack     at EventEmitter.emit (events.js:191:7)
14 verbose stack     at ChildProcess.<anonymous> (C:\Program Files\nodejs\node_modules\npm\lib\utils\spawn.js:40:14)
14 verbose stack     at emitTwo (events.js:106:13)
14 verbose stack     at ChildProcess.emit (events.js:191:7)
14 verbose stack     at maybeClose (internal/child_process.js:920:16)
14 verbose stack     at Process.ChildProcess._handle.onexit (internal/child_process.js:230:5)
15 verbose pkgid MyAssetReact@1.0.0
16 verbose cwd D:\Vimlesh\TFS Code\SAP\Vendor Portal\ITAM Optimisation\ReactJS
17 error Windows_NT 10.0.14393
18 error argv "C:\\Program Files\\nodejs\\node.exe" "C:\\Program Files\\nodejs\\node_modules\\npm\\bin\\npm-cli.js" "start"
19 error node v6.11.3
20 error npm  v3.10.10
21 error code ELIFECYCLE
22 error MyAssetReact@1.0.0 start: `watchify main.js -v -t [ babelify --presets [ react ] ] -o bundle.js`
22 error Exit status 1
23 error Failed at the MyAssetReact@1.0.0 start script 'watchify main.js -v -t [ babelify --presets [ react ] ] -o bundle.js'.
23 error Make sure you have the latest version of node.js and npm installed.
23 error If you do, this is most likely a problem with the MyAssetReact package,
23 error not with npm itself.
23 error Tell the author that this fails on your system:
23 error     watchify main.js -v -t [ babelify --presets [ react ] ] -o bundle.js
23 error You can get information on how to open an issue for this project with:
23 error     npm bugs MyAssetReact
23 error Or if that isn't available, you can get their info via:
23 error     npm owner ls MyAssetReact
23 error There is likely additional logging output above.
24 verbose exit [ 1, true ]
